<?xml version="1.0" encoding="UTF-8"?>
<testsuite name="stack.StackTest" tests="1" skipped="0" failures="0" errors="0" timestamp="2021-05-04T11:35:09" hostname="MRUNAL" time="0.041">
  <properties/>
  <testcase name="given3Numbers_WhenPop_ShouldHaveLastAddedNode()" classname="stack.StackTest" time="0.041"/>
  <system-out><![CDATA[Nodes: 30->70
]]></system-out>
  <system-err><![CDATA[]]></system-err>
</testsuite>
